Warning: DeliveryProcess:RUPprocess: missing resource file './../../TP1/deliveryprocesses/Definir Miss&atilde;o de Avalia&ccedil;&atilde;o_CE02DE3D.html'
Warning: DeliveryProcess:RUPprocess: missing resource file './../../TP1/deliveryprocesses/Definir Miss&atilde;o de Avalia&ccedil;&atilde;o_CE02DE3D.html'
Warning: TaskDescriptor:Desenvolver Visão: missing resource file './../../TP1/tasks/Desenvolver Vis&atilde;o_1339F56A.html'
Warning: TaskDescriptor:Desenvolver Visão: missing resource file './../../TP1/tasks/Desenvolver Vis&atilde;o_1339F56A.html'
Warning: WorkProductDescriptor:Documento de Visão: missing resource file './../../TP1/workproducts/Documento de Vis&atilde;o_B13D18AD.html'
Warning: WorkProductDescriptor:Especificações suplementares: missing resource file './../../TP1/workproducts/Especifica&ccedil;&otilde;es suplementares_EA864DE7.html'
Warning: WorkProductDescriptor:Modelo de Caso-de-Uso de Negócio: missing resource file './../../TP1/workproducts/Modelo de Caso-de-Uso de Neg&oacute;cio_81A6EE6C.html'
Warning: WorkProductDescriptor:Modelo de Objetos de Negócio: missing resource file './../../TP1/workproducts/Modelo de Objetos de Neg&oacute;cio_947EBDC6.html'
Warning: WorkProductDescriptor:Pedidos de Mudança: missing resource file './../../TP1/workproducts/Pedidos de Mudan&ccedil;a_56EF90.html'
Warning: WorkProductDescriptor:Regras de Negócio: missing resource file './../../TP1/workproducts/Regras de Neg&oacute;cio_EB983E64.html'
Warning: WorkProductDescriptor:Documento de Visão: missing resource file './../../TP1/workproducts/Documento de Vis&atilde;o_B13D18AD.html'
Warning: WorkProductDescriptor:Especificações suplementares: missing resource file './../../TP1/workproducts/Especifica&ccedil;&otilde;es suplementares_EA864DE7.html'
Warning: WorkProductDescriptor:Modelo de Caso-de-Uso de Negócio: missing resource file './../../TP1/workproducts/Modelo de Caso-de-Uso de Neg&oacute;cio_81A6EE6C.html'
Warning: WorkProductDescriptor:Modelo de Objetos de Negócio: missing resource file './../../TP1/workproducts/Modelo de Objetos de Neg&oacute;cio_947EBDC6.html'
Warning: WorkProductDescriptor:Regras de Negócio: missing resource file './../../TP1/workproducts/Regras de Neg&oacute;cio_EB983E64.html'
Warning: WorkProductDescriptor:Documento de Visão: missing resource file './../../TP1/workproducts/Documento de Vis&atilde;o_B13D18AD.html'
Warning: Role:Analista de Sistema: missing resource file './../../TP1/tasks/Desenvolver Vis&atilde;o_1339F56A.html'
Warning: Role:Cliente: missing resource file './../../TP1/tasks/Desenvolver Vis&atilde;o_1339F56A.html'
Warning: Artifact:Requisitos de Stakeholder: missing resource file './../../TP1/tasks/Desenvolver Vis&atilde;o_1339F56A.html'
Warning: Artifact:Documento de Visão: missing resource file './../../TP1/tasks/Desenvolver Vis&atilde;o_1339F56A.html'
Warning: Artifact:Modelo de Caso-de-Uso de Negócio: missing resource file './../../TP1/tasks/Desenvolver Vis&atilde;o_1339F56A.html'
Warning: Artifact:Modelo de Objetos de Negócio: missing resource file './../../TP1/tasks/Desenvolver Vis&atilde;o_1339F56A.html'
Warning: Artifact:Especificações suplementares: missing resource file './../../TP1/tasks/Desenvolver Vis&atilde;o_1339F56A.html'
Warning: Artifact:Regras de Negócio: missing resource file './../../TP1/tasks/Desenvolver Vis&atilde;o_1339F56A.html'
